\BOOKMARK [1][-]{section.1}{Fitting Routine}{}% 1
\BOOKMARK [2][-]{subsection.1.1}{Likelihood principle}{section.1}% 2
\BOOKMARK [2][-]{subsection.1.2}{Minuit}{section.1}% 3
\BOOKMARK [2][-]{subsection.1.3}{Monte Carlo Markov Chain \(MCMC\)}{section.1}% 4
\BOOKMARK [3][-]{subsubsection.1.3.1}{Theory}{subsection.1.3}% 5
\BOOKMARK [3][-]{subsubsection.1.3.2}{Implementation}{subsection.1.3}% 6
\BOOKMARK [2][-]{subsection.1.4}{Monte Carlo Markov Chain fitter}{section.1}% 7
\BOOKMARK [1][-]{section.2}{Analysis of the B \040K* \040 decay}{}% 8
\BOOKMARK [2][-]{subsection.2.1}{Motivation}{section.2}% 9
\BOOKMARK [2][-]{subsection.2.2}{Kinematics}{section.2}% 10
\BOOKMARK [2][-]{subsection.2.3}{Operators for B Xs l+l- decays}{section.2}% 11
\BOOKMARK [2][-]{subsection.2.4}{Wilson coefficients}{section.2}% 12
\BOOKMARK [2][-]{subsection.2.5}{The LHCb Experiment}{section.2}% 13
\BOOKMARK [3][-]{subsubsection.2.5.1}{The LHCb Detector}{subsection.2.5}% 14
\BOOKMARK [3][-]{subsubsection.2.5.2}{The LHCb trigger system}{subsection.2.5}% 15
\BOOKMARK [2][-]{subsection.2.6}{Selection}{section.2}% 16
\BOOKMARK [3][-]{subsubsection.2.6.1}{Inroduction to decision tree learning}{subsection.2.6}% 17
\BOOKMARK [3][-]{subsubsection.2.6.2}{Test of different boost decision trees}{subsection.2.6}% 18
\BOOKMARK [2][-]{subsection.2.7}{Reweighting}{section.2}% 19
\BOOKMARK [3][-]{subsubsection.2.7.1}{Results of the B \040K* \040 reweighting}{subsection.2.7}% 20
\BOOKMARK [3][-]{subsubsection.2.7.2}{SPlot}{subsection.2.7}% 21
\BOOKMARK [1][-]{section.3}{Summary}{}% 22
\BOOKMARK [1][-]{section*.36}{Bibliography}{}% 23
\BOOKMARK [1][-]{appendix.A}{ROC curves}{}% 24
\BOOKMARK [1][-]{appendix.B}{Correlation plots}{}% 25
\BOOKMARK [1][-]{appendix.C}{Reweighting plots}{}% 26
