\BOOKMARK [1][-]{section.1}{Motivation}{}% 1
\BOOKMARK [1][-]{section.2}{The B \040K* \040 decay}{}% 2
\BOOKMARK [2][-]{subsection.2.1}{Kinematics}{section.2}% 3
\BOOKMARK [2][-]{subsection.2.2}{Operators for B Xs l+l- decays}{section.2}% 4
\BOOKMARK [2][-]{subsection.2.3}{Wilson coefficients}{section.2}% 5
\BOOKMARK [1][-]{section.3}{The LHCb Experiment}{}% 6
\BOOKMARK [2][-]{subsection.3.1}{The LHCb Detector}{section.3}% 7
\BOOKMARK [2][-]{subsection.3.2}{The LHCb trigger system}{section.3}% 8
\BOOKMARK [1][-]{section.4}{Contribution to the Analysis}{}% 9
\BOOKMARK [2][-]{subsection.4.1}{Classification}{section.4}% 10
\BOOKMARK [3][-]{subsubsection.4.1.1}{classifiers test}{subsection.4.1}% 11
\BOOKMARK [2][-]{subsection.4.2}{SPlot}{section.4}% 12
\BOOKMARK [3][-]{subsubsection.4.2.1}{Likelihood method}{subsection.4.2}% 13
\BOOKMARK [3][-]{subsubsection.4.2.2}{in Plot technique}{subsection.4.2}% 14
\BOOKMARK [3][-]{subsubsection.4.2.3}{S Plot technique}{subsection.4.2}% 15
\BOOKMARK [2][-]{subsection.4.3}{Reweighting}{section.4}% 16
\BOOKMARK [1][-]{section.5}{RooMCMarkovChain}{}% 17
\BOOKMARK [2][-]{subsection.5.1}{Monte Carlo Markov Chain \(MCMC\)}{section.5}% 18
\BOOKMARK [2][-]{subsection.5.2}{Metropolis Hastings}{section.5}% 19
\BOOKMARK [2][-]{subsection.5.3}{Features}{section.5}% 20
\BOOKMARK [1][-]{section*.20}{Bibliography}{}% 21
